[INFO  - 2016-04-29T22:35:55.427Z] GhostDriver - Main - running on port 57334
[INFO  - 2016-04-29T22:35:55.698Z] Session [bcb0aec0-0e5a-11e6-bd8e-ad35d5c728d0] - page.settings - {"XSSAuditingEnabled":false,"javascriptCanCloseWindows":true,"javascriptCanOpenWindows":true,"javascriptEnabled":true,"loadImages":true,"localToRemoteUrlAccessEnabled":false,"userAgent":"Mozilla/5.0 (Macintosh; Intel Mac OS X) AppleWebKit/538.1 (KHTML, like Gecko) PhantomJS/2.1.1 Safari/538.1","webSecurityEnabled":true}
[INFO  - 2016-04-29T22:35:55.699Z] Session [bcb0aec0-0e5a-11e6-bd8e-ad35d5c728d0] - page.customHeaders:  - {}
[INFO  - 2016-04-29T22:35:55.699Z] Session [bcb0aec0-0e5a-11e6-bd8e-ad35d5c728d0] - Session.negotiatedCapabilities - {"browserName":"phantomjs","version":"2.1.1","driverName":"ghostdriver","driverVersion":"1.2.0","platform":"mac-10.10 (Yosemite)-64bit","javascriptEnabled":true,"takesScreenshot":true,"handlesAlerts":false,"databaseEnabled":false,"locationContextEnabled":false,"applicationCacheEnabled":false,"browserConnectionEnabled":false,"cssSelectorsEnabled":true,"webStorageEnabled":false,"rotatable":false,"acceptSslCerts":false,"nativeEvents":true,"proxy":{"proxyType":"direct"}}
[INFO  - 2016-04-29T22:35:55.699Z] SessionManagerReqHand - _postNewSessionCommand - New Session Created: bcb0aec0-0e5a-11e6-bd8e-ad35d5c728d0
[ERROR - 2016-04-29T22:36:56.467Z] Session [bcb0aec0-0e5a-11e6-bd8e-ad35d5c728d0] - page.onError - msg: undefined

  phantomjs://platform/console++.js:263 in error
[ERROR - 2016-04-29T22:36:56.467Z] Session [bcb0aec0-0e5a-11e6-bd8e-ad35d5c728d0] - page.onError - stack:
  console.error (:0)

  phantomjs://platform/console++.js:263 in error
[ERROR - 2016-04-29T22:36:57.334Z] Session [bcb0aec0-0e5a-11e6-bd8e-ad35d5c728d0] - page.onError - msg: undefined

  phantomjs://platform/console++.js:263 in error
[ERROR - 2016-04-29T22:36:57.334Z] Session [bcb0aec0-0e5a-11e6-bd8e-ad35d5c728d0] - page.onError - stack:
  console.error (:0)

  phantomjs://platform/console++.js:263 in error
[ERROR - 2016-04-29T22:36:58.290Z] WebElementLocator - _handleLocateCommand - Element(s) NOT Found: GAVE UP. Search Stop Time: 1461969418261

  phantomjs://platform/console++.js:263 in error
[ERROR - 2016-04-29T22:36:58.433Z] Session [bcb0aec0-0e5a-11e6-bd8e-ad35d5c728d0] - page.onError - msg: Error while processing route: permalink-post.index

  phantomjs://platform/console++.js:263 in error
[ERROR - 2016-04-29T22:36:58.433Z] Session [bcb0aec0-0e5a-11e6-bd8e-ad35d5c728d0] - page.onError - stack:
  console.error (:0)

  phantomjs://platform/console++.js:263 in error
[ERROR - 2016-04-29T22:37:06.442Z] Session [bcb0aec0-0e5a-11e6-bd8e-ad35d5c728d0] - page.onError - msg: undefined

  phantomjs://platform/console++.js:263 in error
[ERROR - 2016-04-29T22:37:06.442Z] Session [bcb0aec0-0e5a-11e6-bd8e-ad35d5c728d0] - page.onError - stack:
  console.error (:0)

  phantomjs://platform/console++.js:263 in error
[ERROR - 2016-04-29T22:37:10.113Z] Session [bcb0aec0-0e5a-11e6-bd8e-ad35d5c728d0] - page.onError - msg: undefined

  phantomjs://platform/console++.js:263 in error
[ERROR - 2016-04-29T22:37:10.113Z] Session [bcb0aec0-0e5a-11e6-bd8e-ad35d5c728d0] - page.onError - stack:
  console.error (:0)

  phantomjs://platform/console++.js:263 in error
